MPASM 5.87                      THEREMIN.ASM   11-17-2025  18:50:21         PAGE  1


LOC  OBJECT CODE     LINE SOURCE TEXT
  VALUE

                      00001 ; PIC16F887 Configuration Bit Settings
                      00002 
                      00003 ; Assembly source line config statements
                      00004 
                      00005 #include "p16f887.inc"
                      00001         LIST
                      00002 
                      00003 ;==========================================================================
                      00004 ; Build date : Jan 06 2020
                      00005 ;  MPASM PIC16F887 processor include
                      00006 ; 
                      00007 ;  (c) Copyright 1999-2020 Microchip Technology, All rights reserved
                      00008 ;==========================================================================
                      00009 
                      00810         LIST
                      00006 
                      00007 ; CONFIG1
                      00008 ; __config 0x23E1
2007   23E1           00009  __CONFIG _CONFIG1, _FOSC_XT & _WDTE_OFF & _PWRTE_ON & _MCLRE_ON & _CP_OFF & _CPD_OFF & _BOREN_ON & _IES
                            O_OFF & _FCMEN_OFF & _LVP_OFF
                      00010 ; CONFIG2
                      00011 ; __config 0x3FFF
2008   3FFF           00012  __CONFIG _CONFIG2, _BOR4V_BOR40V & _WRT_OFF
                      00013 
                      00014 ;esto va en todos los codigos
                      00015  ORG 0x00
0000   2???           00016  goto Main
                      00017  ORG 0x04
0004   2???           00018  GOTO ISR
                      00019  ORG 0x05
                      00020 
  00000020            00021 periodo EQU 0x20
  00000021            00022 Tiempo_L EQU 0x21
  00000022            00023 Tiempo_H EQU 0x22
  00000023            00024 DIST_CM EQU 0x23
  00000024            00025 resultado EQU 0x24
  00000025            00026 TMP0 EQU 0x25   
  00000026            00027 TMP1 EQU 0x26
  00000027            00028 DIVISOR EQU 0x27
  00000070            00029 STATUS_TEMP EQU 0X70
  00000071            00030 W_TEMP EQU 0X71
  00000028            00031 DLY_H EQU 0x28
  00000029            00032 DLY_L EQU 0x29
Warning[207]: Found label after column 1. (NUM)
  00000030            00033  NUM EQU 0x30
Warning[207]: Found label after column 1. (DECE)
  00000031            00034  DECE EQU 0x31
Warning[207]: Found label after column 1. (UNI)
  00000032            00035  UNI EQU 0X32
Warning[207]: Found label after column 1. (CEN)
  00000033            00036  CEN EQU 0x33
                      00037  
Warning[207]: Found label after column 1. (Main)
MPASM 5.87                      THEREMIN.ASM   11-17-2025  18:50:21         PAGE  2


LOC  OBJECT CODE     LINE SOURCE TEXT
  VALUE

0005                  00038  Main
                      00039     ;=======================================
                      00040     ;       CONFIGURACIÓN DE REGISTROS
                      00041     ;=======================================
0005   1683           00042     BSF STATUS, RP0             ;BANCO 1
Message[302]: Register in operand not in bank 0.  Ensure that bank bits are correct.
0006   0186           00043     CLRF TRISB                  ;Puerto B como salida
0007   308A           00044     MOVLW b'10001010'           ;RC1 para ECHO, RC0 para TRIG
Message[302]: Register in operand not in bank 0.  Ensure that bank bits are correct.
0008   0087           00045     MOVWF TRISC                 ;Puerto C 
0009   1703           00046     BSF STATUS, RP1             ;BANCO 3
Message[302]: Register in operand not in bank 0.  Ensure that bank bits are correct.
000A   0188           00047     CLRF ANSEL                  ;Todo digital
Message[302]: Register in operand not in bank 0.  Ensure that bank bits are correct.
000B   0189           00048     CLRF ANSELH 
000C   1303           00049     BCF STATUS, RP1             ;BANCO 1
000D   3082           00050     MOVLW b'10000010'   
Message[302]: Register in operand not in bank 0.  Ensure that bank bits are correct.
000E   0081           00051     MOVWF OPTION_REG            ;Configuración option_reg
000F   30A0           00052     MOVLW b'10100000'
0010   008B           00053     MOVWF INTCON                ;Configuración INTCON
0011   3019           00054     MOVLW .25              ; Baudrate a ~9600 con Fosc=4MHz ? SPBRG=25
Message[302]: Register in operand not in bank 0.  Ensure that bank bits are correct.
0012   0099           00055     MOVWF SPBRG
0013   3026           00056     MOVLW b'00100110'
Message[302]: Register in operand not in bank 0.  Ensure that bank bits are correct.
0014   0098           00057     MOVWF TXSTA
0015   1283           00058     BCF STATUS, RP0             ;BANCO 0
0016   3090           00059     MOVLW b'10010000'      ; RCSTA: SPEN=1 (enable serial), CREN=1
0017   0098           00060     MOVWF RCSTA
0018   0186           00061     CLRF PORTB
0019   3011           00062     MOVLW .17   
001A   00A0           00063     MOVWF periodo               ;Seteo de valor PERIODO
001B   0081           00064     MOVWF TMR0
001C   303A           00065     MOVLW .58
001D   00A7           00066     MOVWF DIVISOR               ; Guardamos el número 58 (divisor constante)
001E   3000           00067     MOVLW b'00000000'           ; T1CON: prescaler 1:1, Timer1 ON=0
001F   0090           00068     MOVWF T1CON
0020   01A2           00069     CLRF Tiempo_H
0021   01A1           00070     CLRF Tiempo_L
0022   0187           00071     CLRF PORTC
0023   0199           00072     CLRF TXREG
                      00073     
Warning[207]: Found label after column 1. (Loop)
0024                  00074  Loop
Warning[207]: Found label after column 1. (TestToggle)
0024                  00075     TestToggle:
                      00076 ;       BSF PORTC, 2
                      00077 ;       CALL Delay_10us
                      00078 ;       BCF PORTC, 2
                      00079 ;       CALL Delay_Ms_200
                      00080 ;       GOTO TestToggle
                      00081 ;    
MPASM 5.87                      THEREMIN.ASM   11-17-2025  18:50:21         PAGE  3


LOC  OBJECT CODE     LINE SOURCE TEXT
  VALUE

0024   2???           00082     CALL RutinaMedicion
0025   2???           00083     CALL Delay_60ms
0026   2???           00084     CALL CalculoDistancia
                      00085 ;    CALL EnviarDistancia
0027   2???           00086     CALL CalculoFrecuencia
0028   2???           00087     GOTO Loop
                      00088 
                      00089     ;===========================
                      00090     ; Delay de 60 ms
                      00091     ;===========================
Warning[207]: Found label after column 1. (Delay_60ms)
0029                  00092     Delay_60ms:
0029   3064           00093         MOVLW   .100        ; bucle externo ? 100 repeticiones
002A   00A8           00094         MOVWF   DLY_H
                      00095 
Warning[207]: Found label after column 1. (Delay_60ms_H)
002B                  00096     Delay_60ms_H:
002B   30C8           00097         MOVLW   .200        ; bucle interno ? 200 repeticiones
002C   00A9           00098         MOVWF   DLY_L
                      00099 
Warning[207]: Found label after column 1. (Delay_60ms_L)
002D                  00100     Delay_60ms_L:
002D   0BA9           00101         DECFSZ  DLY_L, F    ; 1 ciclo (2 cuando termina)
002E   2???           00102         GOTO    Delay_60ms_L ; 2 ciclos
002F   0BA8           00103         DECFSZ  DLY_H, F
0030   2???           00104         GOTO    Delay_60ms_H
0031   0008           00105         RETURN
                      00106 
                      00107     
Warning[207]: Found label after column 1. (CalculoFrecuencia)
0032                  00108     CalculoFrecuencia:
0032   0823           00109         MOVF DIST_CM, W
0033   1903           00110         BTFSC STATUS, Z
0034   2???           00111         GOTO SinEcho
                      00112 
                      00113     ;===========================================================
                      00114     ; Comparaciones ordenadas de MAYOR a MENOR distancia
                      00115     ;===========================================================
                      00116 
0035   307A           00117         MOVLW .122
0036   0223           00118         SUBWF DIST_CM, W
0037   1803           00119         BTFSC STATUS, C
0038   2???           00120         GOTO NOTA_C4
                      00121 
0039   3075           00122         MOVLW .117
003A   0223           00123         SUBWF DIST_CM, W
003B   1803           00124         BTFSC STATUS, C
003C   2???           00125         GOTO NOTA_Cs4
                      00126 
003D   3070           00127         MOVLW .112
003E   0223           00128         SUBWF DIST_CM, W
003F   1803           00129         BTFSC STATUS, C
0040   2???           00130         GOTO NOTA_D4
MPASM 5.87                      THEREMIN.ASM   11-17-2025  18:50:21         PAGE  4


LOC  OBJECT CODE     LINE SOURCE TEXT
  VALUE

                      00131 
0041   306B           00132         MOVLW .107
0042   0223           00133         SUBWF DIST_CM, W
0043   1803           00134         BTFSC STATUS, C
0044   2???           00135         GOTO NOTA_Ds4
                      00136 
0045   3066           00137         MOVLW .102
0046   0223           00138         SUBWF DIST_CM, W
0047   1803           00139         BTFSC STATUS, C
0048   2???           00140         GOTO NOTA_E4
                      00141 
0049   3061           00142         MOVLW .97
004A   0223           00143         SUBWF DIST_CM, W
004B   1803           00144         BTFSC STATUS, C
004C   2???           00145         GOTO NOTA_F4
                      00146 
004D   305C           00147         MOVLW .92
004E   0223           00148         SUBWF DIST_CM, W
004F   1803           00149         BTFSC STATUS, C
0050   2???           00150         GOTO NOTA_Fs4
                      00151 
0051   3057           00152         MOVLW .87
0052   0223           00153         SUBWF DIST_CM, W
0053   1803           00154         BTFSC STATUS, C
0054   2???           00155         GOTO NOTA_G4
                      00156 
0055   3052           00157         MOVLW .82
0056   0223           00158         SUBWF DIST_CM, W
0057   1803           00159         BTFSC STATUS, C
0058   2???           00160         GOTO NOTA_Gs4
                      00161 
0059   304D           00162         MOVLW .77
005A   0223           00163         SUBWF DIST_CM, W
005B   1803           00164         BTFSC STATUS, C
005C   2???           00165         GOTO NOTA_A4
                      00166 
005D   3048           00167         MOVLW .72
005E   0223           00168         SUBWF DIST_CM, W
005F   1803           00169         BTFSC STATUS, C
0060   2???           00170         GOTO NOTA_As4
                      00171 
0061   3043           00172         MOVLW .67
0062   0223           00173         SUBWF DIST_CM, W
0063   1803           00174         BTFSC STATUS, C
0064   2???           00175         GOTO NOTA_B4
                      00176 
0065   303E           00177         MOVLW .62
0066   0223           00178         SUBWF DIST_CM, W
0067   1803           00179         BTFSC STATUS, C
0068   2???           00180         GOTO NOTA_C5
                      00181 
0069   3039           00182         MOVLW .57
006A   0223           00183         SUBWF DIST_CM, W
MPASM 5.87                      THEREMIN.ASM   11-17-2025  18:50:21         PAGE  5


LOC  OBJECT CODE     LINE SOURCE TEXT
  VALUE

006B   1803           00184         BTFSC STATUS, C
006C   2???           00185         GOTO NOTA_Cs5
                      00186 
006D   3034           00187         MOVLW .52
006E   0223           00188         SUBWF DIST_CM, W
006F   1803           00189         BTFSC STATUS, C
0070   2???           00190         GOTO NOTA_D5
                      00191 
0071   302F           00192         MOVLW .47
0072   0223           00193         SUBWF DIST_CM, W
0073   1803           00194         BTFSC STATUS, C
0074   2???           00195         GOTO NOTA_Ds5
                      00196 
0075   302A           00197         MOVLW .42
0076   0223           00198         SUBWF DIST_CM, W
0077   1803           00199         BTFSC STATUS, C
0078   2???           00200         GOTO NOTA_E5
                      00201 
0079   3025           00202         MOVLW .37
007A   0223           00203         SUBWF DIST_CM, W
007B   1803           00204         BTFSC STATUS, C
007C   2???           00205         GOTO NOTA_F5
                      00206 
007D   3020           00207         MOVLW .32
007E   0223           00208         SUBWF DIST_CM, W
007F   1803           00209         BTFSC STATUS, C
0080   2???           00210         GOTO NOTA_Fs5
                      00211 
0081   301B           00212         MOVLW .27
0082   0223           00213         SUBWF DIST_CM, W
0083   1803           00214         BTFSC STATUS, C
0084   2???           00215         GOTO NOTA_G5
                      00216 
0085   3016           00217         MOVLW .22
0086   0223           00218         SUBWF DIST_CM, W
0087   1803           00219         BTFSC STATUS, C
0088   2???           00220         GOTO NOTA_Gs5
                      00221 
0089   3011           00222         MOVLW .17
008A   0223           00223         SUBWF DIST_CM, W
008B   1803           00224         BTFSC STATUS, C
008C   2???           00225         GOTO NOTA_A5
                      00226 
008D   300C           00227         MOVLW .12
008E   0223           00228         SUBWF DIST_CM, W
008F   1803           00229         BTFSC STATUS, C
0090   2???           00230         GOTO NOTA_As5
                      00231 
0091   3007           00232         MOVLW .07
0092   0223           00233         SUBWF DIST_CM, W
0093   1803           00234         BTFSC STATUS, C
0094   2???           00235         GOTO NOTA_B5
                      00236 
MPASM 5.87                      THEREMIN.ASM   11-17-2025  18:50:21         PAGE  6


LOC  OBJECT CODE     LINE SOURCE TEXT
  VALUE

0095   2???           00237         GOTO NOTA_C6
                      00238 
                      00239     ;===========================================================
                      00240     ; CARGA DE PERIODOS SEGÚN TU TABLA
                      00241     ;===========================================================
                      00242 
                      00243     ;===========================================================
                      00244     ; CARGA DE PERIODOS SEGÚN TU TABLA (FORMATO COMPATIBLE)
                      00245     ;===========================================================
                      00246 
Warning[207]: Found label after column 1. (NOTA_C4)
0096                  00247     NOTA_C4:
0096   3010           00248         MOVLW .16
0097   2???           00249         GOTO SetPer
                      00250 
Warning[207]: Found label after column 1. (NOTA_Cs4)
0098                  00251     NOTA_Cs4:
0098   301F           00252         MOVLW .31
0099   2???           00253         GOTO SetPer
                      00254 
Warning[207]: Found label after column 1. (NOTA_D4)
009A                  00255     NOTA_D4:
009A   302B           00256         MOVLW .43
009B   2???           00257         GOTO SetPer
                      00258 
Warning[207]: Found label after column 1. (NOTA_Ds4)
009C                  00259     NOTA_Ds4:
009C   3037           00260         MOVLW .55
009D   2???           00261         GOTO SetPer
                      00262 
Warning[207]: Found label after column 1. (NOTA_E4)
009E                  00263     NOTA_E4:
009E   3042           00264         MOVLW .66
009F   2???           00265         GOTO SetPer
                      00266 
Warning[207]: Found label after column 1. (NOTA_F4)
00A0                  00267     NOTA_F4:
00A0   304D           00268         MOVLW .77
00A1   2???           00269         GOTO SetPer
                      00270 
Warning[207]: Found label after column 1. (NOTA_Fs4)
00A2                  00271     NOTA_Fs4:
00A2   3057           00272         MOVLW .87
00A3   2???           00273         GOTO SetPer
                      00274 
Warning[207]: Found label after column 1. (NOTA_G4)
00A4                  00275     NOTA_G4:
00A4   3061           00276         MOVLW .97
00A5   2???           00277         GOTO SetPer
                      00278 
Warning[207]: Found label after column 1. (NOTA_Gs4)
00A6                  00279     NOTA_Gs4:
00A6   306A           00280         MOVLW .106
MPASM 5.87                      THEREMIN.ASM   11-17-2025  18:50:21         PAGE  7


LOC  OBJECT CODE     LINE SOURCE TEXT
  VALUE

00A7   2???           00281         GOTO SetPer
                      00282 
Warning[207]: Found label after column 1. (NOTA_A4)
00A8                  00283     NOTA_A4:
00A8   3072           00284         MOVLW .114
00A9   2???           00285         GOTO SetPer
                      00286 
Warning[207]: Found label after column 1. (NOTA_As4)
00AA                  00287     NOTA_As4:
00AA   307A           00288         MOVLW .122
00AB   2???           00289         GOTO SetPer
                      00290 
Warning[207]: Found label after column 1. (NOTA_B4)
00AC                  00291     NOTA_B4:
00AC   3081           00292         MOVLW .129
00AD   2???           00293         GOTO SetPer
                      00294 
Warning[207]: Found label after column 1. (NOTA_C5)
00AE                  00295     NOTA_C5:
00AE   3089           00296         MOVLW .137
00AF   2???           00297         GOTO SetPer
                      00298 
Warning[207]: Found label after column 1. (NOTA_Cs5)
00B0                  00299     NOTA_Cs5:
00B0   308F           00300         MOVLW .143
00B1   2???           00301         GOTO SetPer
                      00302 
Warning[207]: Found label after column 1. (NOTA_D5)
00B2                  00303     NOTA_D5:
00B2   3096           00304         MOVLW .150
00B3   2???           00305         GOTO SetPer
                      00306 
Warning[207]: Found label after column 1. (NOTA_Ds5)
00B4                  00307     NOTA_Ds5:
00B4   309C           00308         MOVLW .156
00B5   2???           00309         GOTO SetPer
                      00310 
Warning[207]: Found label after column 1. (NOTA_E5)
00B6                  00311     NOTA_E5:
00B6   30A1           00312         MOVLW .161
00B7   2???           00313         GOTO SetPer
                      00314 
Warning[207]: Found label after column 1. (NOTA_F5)
00B8                  00315     NOTA_F5:
00B8   30A7           00316         MOVLW .167
00B9   2???           00317         GOTO SetPer
                      00318 
Warning[207]: Found label after column 1. (NOTA_Fs5)
00BA                  00319     NOTA_Fs5:
00BA   30AC           00320         MOVLW .172
00BB   2???           00321         GOTO SetPer
                      00322 
Warning[207]: Found label after column 1. (NOTA_G5)
MPASM 5.87                      THEREMIN.ASM   11-17-2025  18:50:21         PAGE  8


LOC  OBJECT CODE     LINE SOURCE TEXT
  VALUE

00BC                  00323     NOTA_G5:
00BC   30B0           00324         MOVLW .176
00BD   2???           00325         GOTO SetPer
                      00326 
Warning[207]: Found label after column 1. (NOTA_Gs5)
00BE                  00327     NOTA_Gs5:
00BE   30B5           00328         MOVLW .181
00BF   2???           00329         GOTO SetPer
                      00330 
Warning[207]: Found label after column 1. (NOTA_A5)
00C0                  00331     NOTA_A5:
00C0   30BB           00332         MOVLW .187
00C1   2???           00333         GOTO SetPer
                      00334 
Warning[207]: Found label after column 1. (NOTA_As5)
00C2                  00335     NOTA_As5:
00C2   30BF           00336         MOVLW .191
00C3   2???           00337         GOTO SetPer
                      00338 
Warning[207]: Found label after column 1. (NOTA_B5)
00C4                  00339     NOTA_B5:
00C4   30C3           00340         MOVLW .195
00C5   2???           00341         GOTO SetPer
                      00342 
Warning[207]: Found label after column 1. (NOTA_C6)
00C6                  00343     NOTA_C6:
00C6   30C6           00344         MOVLW .198
00C7   2???           00345         GOTO SetPer
                      00346 
                      00347 
Warning[207]: Found label after column 1. (SetPer)
00C8                  00348     SetPer:
00C8   00A0           00349         MOVWF periodo
00C9   2???           00350         GOTO FinFrecuencia
                      00351 
                      00352 
Warning[207]: Found label after column 1. (SinEcho)
00CA                  00353     SinEcho:
00CA   01A0           00354         CLRF periodo
                      00355 
Warning[207]: Found label after column 1. (FinFrecuencia)
00CB                  00356     FinFrecuencia:
00CB   0008           00357         RETURN
                      00358     
Warning[207]: Found label after column 1. (CalculoDistancia)
00CC                  00359  CalculoDistancia:
                      00360     ; Devolvio valor?
00CC   0822           00361     MOVF Tiempo_H, W
00CD   0421           00362     IORWF Tiempo_L, W
00CE   1903           00363     BTFSC STATUS, Z
00CF   2???           00364     GOTO NoEcho_NoRango         ; si = 0, no hubo eco (o timeout)
                      00365     
                      00366     ;Esta dentro del rango? TMRH<8816
MPASM 5.87                      THEREMIN.ASM   11-17-2025  18:50:21         PAGE  9


LOC  OBJECT CODE     LINE SOURCE TEXT
  VALUE

00D0   0822           00367     MOVF Tiempo_H, W
00D1   3C17           00368     SUBLW .23           
00D2   1C03           00369     BTFSS STATUS, C     ;C=1 si tiempoH<=23
00D3   2???           00370     GOTO NoEcho_NoRango ;C=0 si tiempoH>23
                      00371     
                      00372     ; copiar tiempo a variable temporal
00D4   0822           00373     MOVF Tiempo_H, W
00D5   00A6           00374     MOVWF TMP1
00D6   0821           00375     MOVF Tiempo_L, W
00D7   00A5           00376     MOVWF TMP0
                      00377     
                      00378     ;aca que hacemos
                      00379     
                      00380     ; inicializar resultado
00D8   01A4           00381     CLRF resultado
                      00382     
Warning[207]: Found label after column 1. (DivisionLoop)
00D9                  00383     DivisionLoop:
                      00384     ;-----------------------------------------------
                      00385     ; Restar 58 del valor de 16 bits (TMP1:TMP0)
                      00386     ;-----------------------------------------------
00D9   0827           00387         MOVF DIVISOR, W
00DA   02A5           00388         SUBWF TMP0, F           ; TMP0 = TMP0 - 58
00DB   1C03           00389         BTFSS STATUS, C         ; TMP0 desbordo? Hay borrow?
00DC   03A6           00390         DECF TMP1, F            ; Si hubo "borrow", restamos 1 al byte alto
                      00391 
                      00392         ; Si el byte alto quedó negativo (borrow global) => salir
00DD   0826           00393         MOVF TMP1, W
00DE   3AFF           00394         XORLW 0xFF
00DF   1903           00395         BTFSC STATUS, Z
00E0   2???           00396         GOTO DivisionEnd
                      00397         
                      00398         ; Si llegó exactamente a 0, también salir
00E1   0826           00399         MOVF TMP1, W
00E2   0425           00400         IORWF TMP0, W
00E3   1903           00401         BTFSC STATUS, Z
00E4   2???           00402         GOTO DivisionEnd
                      00403 
                      00404         ; Si la resta fue válida ? incrementar resultado
00E5   0AA4           00405         INCF resultado, F
00E6   2???           00406         GOTO DivisionLoop          ; Repetir mientras alcance
                      00407 
Warning[207]: Found label after column 1. (DivisionEnd)
00E7                  00408     DivisionEnd:
                      00409     ;-----------------------------------------------
                      00410     ; 5. Guardar el resultado final (en cm)
                      00411     ;-----------------------------------------------
00E7   0824           00412         MOVF resultado, W
00E8   00A3           00413         MOVWF DIST_CM              ; Guardar distancia final en cm
00E9   0008           00414         RETURN
                      00415     
Warning[207]: Found label after column 1. (NoEcho_NoRango)
00EA                  00416     NoEcho_NoRango:
MPASM 5.87                      THEREMIN.ASM   11-17-2025  18:50:21         PAGE 10


LOC  OBJECT CODE     LINE SOURCE TEXT
  VALUE

00EA   01A3           00417         CLRF DIST_CM
00EB   0008           00418         RETURN
                      00419     
00EC                  00420 RutinaMedicion:
Warning[207]: Found label after column 1. (Trigger_and_wait)
00EC                  00421     Trigger_and_wait:
00EC   1507           00422        BSF PORTC, 2
00ED   2???           00423        CALL Delay_10us
00EE   1107           00424        BCF PORTC, 2
Warning[207]: Found label after column 1. (EsperaSubida)
00EF                  00425     EsperaSubida:
00EF   1D87           00426        BTFSS PORTC, 3       ; ECHO esta en alto?
00F0   2???           00427        GOTO EsperaSubida
Warning[207]: Found label after column 1. (InicioTimer)
00F1                  00428     InicioTimer:
00F1   018F           00429        CLRF TMR1H
00F2   018E           00430        CLRF TMR1L
00F3   1410           00431        BSF  T1CON, TMR1ON  ; Arranca el conteo
                      00432    ; === ESPERA DEL FLANCO DE BAJADA DEL ECHO ===
                      00433 ;        El TimerH se paso de 98?
Warning[207]: Found label after column 1. (VerificarTimeout)
00F4                  00434     VerificarTimeout:
00F4   080F           00435        MOVF TMR1H, 0
00F5   3C62           00436        SUBLW .98
00F6   1C03           00437        BTFSS STATUS, C  ;C=1 si TMR1H<=98
00F7   2???           00438        GOTO Timeout     ;C=0 si TMR1H>98
Warning[207]: Found label after column 1. (EsperaBajada)
00F8                  00439     EsperaBajada:
00F8   1987           00440        BTFSC PORTC, 3  ; Espera mientras siga en alto
00F9   2???           00441        GOTO VerificarTimeout
00FA   1010           00442        BCF  T1CON, TMR1ON
00FB   2???           00443        GOTO CapturaValores
Warning[207]: Found label after column 1. (Timeout)
00FC                  00444     Timeout:
00FC   1010           00445        BCF  T1CON, TMR1ON
00FD   018E           00446        CLRF TMR1L
00FE   018F           00447        CLRF TMR1H
Warning[207]: Found label after column 1. (CapturaValores)
00FF                  00448     CapturaValores:
00FF   080E           00449        MOVF TMR1L, W
0100   00A1           00450        MOVWF Tiempo_L
0101   080F           00451        MOVF TMR1H, W
0102   00A2           00452        MOVWF Tiempo_H
0103   0008           00453        RETURN
                      00454     
Warning[207]: Found label after column 1. (Delay_10us)
0104                  00455  Delay_10us:
0104   0000           00456     NOP         ; 1 us
0105   0000           00457     NOP         ; 2 us
0106   0000           00458     NOP         ; 3 us
0107   0000           00459     NOP         ; 4 us
0108   0000           00460     NOP         ; 5 us
0109   0000           00461     NOP         ; 6 us
MPASM 5.87                      THEREMIN.ASM   11-17-2025  18:50:21         PAGE 11


LOC  OBJECT CODE     LINE SOURCE TEXT
  VALUE

010A   0000           00462     NOP         ; 7 us
010B   0000           00463     NOP         ; 8 us
010C   0000           00464     NOP         ; 9 us
010D   0000           00465     NOP         ; 10 us
010E   0008           00466     RETURN
                      00467 
                      00468     ;===================================================
                      00469     ;  ENVIAR DISTANCIA POR UART  -  SUPER SIMPLE
                      00470     ;  Formato:  Distancia: XX cm
                      00471     ;===================================================
                      00472 
Warning[207]: Found label after column 1. (EnviarDistancia)
010F                  00473     EnviarDistancia:
                      00474 
                      00475         ; --- Enviar texto fijo "Distancia: " ---
010F   3044           00476         MOVLW 'D'      ; Cada MOVLW + CALL es 1 caracter
0110   2???           00477         CALL UART_Send
0111   3069           00478         MOVLW 'i'
0112   2???           00479         CALL UART_Send
0113   3073           00480         MOVLW 's'
0114   2???           00481         CALL UART_Send
0115   3074           00482         MOVLW 't'
0116   2???           00483         CALL UART_Send
0117   3061           00484         MOVLW 'a'
0118   2???           00485         CALL UART_Send
0119   306E           00486         MOVLW 'n'
011A   2???           00487         CALL UART_Send
011B   3063           00488         MOVLW 'c'
011C   2???           00489         CALL UART_Send
011D   3069           00490         MOVLW 'i'
011E   2???           00491         CALL UART_Send
011F   3061           00492         MOVLW 'a'
0120   2???           00493         CALL UART_Send
0121   303A           00494         MOVLW ':'
0122   2???           00495         CALL UART_Send
0123   3020           00496         MOVLW ' '
0124   2???           00497         CALL UART_Send
                      00498 
                      00499         ; --- Convertir el número DIST_CM y enviarlo ---
0125   0823           00500         MOVF DIST_CM, W
0126   2???           00501         CALL EnviarNumero0a255   ; <--- convierte y manda
                      00502 
                      00503         ; --- Enviar " cm" ---
0127   3020           00504         MOVLW ' '
0128   2???           00505         CALL UART_Send
0129   3063           00506         MOVLW 'c'
012A   2???           00507         CALL UART_Send
012B   306D           00508         MOVLW 'm'
012C   2???           00509         CALL UART_Send
                      00510 
                      00511         ; --- Salto de línea ---
012D   3013           00512         MOVLW 13     ; CR
012E   2???           00513         CALL UART_Send
MPASM 5.87                      THEREMIN.ASM   11-17-2025  18:50:21         PAGE 12


LOC  OBJECT CODE     LINE SOURCE TEXT
  VALUE

012F   3010           00514         MOVLW 10     ; LF
0130   2???           00515         CALL UART_Send
                      00516 
0131   0008           00517         RETURN
                      00518     
Warning[207]: Found label after column 1. (UART_Send)
0132                  00519     UART_Send:               ; Enviar lo que esté en W
Message[302]: Register in operand not in bank 0.  Ensure that bank bits are correct.
0132   1C98           00520         BTFSS TXSTA, TRMT    ; Esperar que TXREG esté libre
0133   2???           00521         GOTO UART_Send
                      00522 
0134   0099           00523         MOVWF TXREG          ; Mandar el byte
0135   0008           00524         RETURN
                      00525     
                      00526     ;========================================================
                      00527     ; EnviarNumero0a255: convierte el número en W a texto
                      00528     ;========================================================
                      00529     ; Usa variables: NUM, CEN, DEC, UNI
                      00530     ;========================================================
                      00531 
Warning[207]: Found label after column 1. (EnviarNumero0a255)
0136                  00532     EnviarNumero0a255:
                      00533 
0136   00B0           00534         MOVWF NUM        ; Guardar el número
0137   01B3           00535         CLRF CEN
0138   01B1           00536         CLRF DECE
0139   01B2           00537         CLRF UNI
                      00538 
                      00539     ; --- Cientos ---
Warning[207]: Found label after column 1. (CientosLoop)
013A                  00540     CientosLoop:
013A   3064           00541         MOVLW .100
013B   0230           00542         SUBWF NUM, W
013C   1C03           00543         BTFSS STATUS, C     ; Si NUM < 100 ? salir
013D   2???           00544         GOTO DecenasStart
013E   3064           00545         MOVLW .100
013F   02B0           00546         SUBWF NUM, F        ; NUM -= 100
0140   0AB3           00547         INCF CEN, F         ; CEN++
0141   2???           00548         GOTO CientosLoop
                      00549 
Warning[207]: Found label after column 1. (DecenasStart)
0142                  00550     DecenasStart:
                      00551 
                      00552     ; --- Decenas ---
Warning[207]: Found label after column 1. (DecenasLoop)
0142                  00553     DecenasLoop:
0142   300A           00554         MOVLW .10
0143   0230           00555         SUBWF NUM, W
0144   1C03           00556         BTFSS STATUS, C     ; Si NUM < 10 ? salir
0145   2???           00557         GOTO UnidadesStart
0146   300A           00558         MOVLW .10
0147   02B0           00559         SUBWF NUM, F        ; NUM -= 10
0148   0AB1           00560         INCF DECE, F         ; DEC++
MPASM 5.87                      THEREMIN.ASM   11-17-2025  18:50:21         PAGE 13


LOC  OBJECT CODE     LINE SOURCE TEXT
  VALUE

0149   2???           00561         GOTO DecenasLoop
                      00562 
Warning[207]: Found label after column 1. (UnidadesStart)
014A                  00563     UnidadesStart:
014A   0830           00564         MOVF NUM, W
014B   00B2           00565         MOVWF UNI           ; UNI = lo que queda
                      00566 
                      00567     ; --- Enviar cientos si no es cero ---
014C   0833           00568         MOVF CEN, W
014D   1903           00569         BTFSC STATUS, Z
014E   2???           00570         GOTO EnviarDecenas
014F   3E30           00571         ADDLW '0'
0150   2???           00572         CALL UART_Send
                      00573 
Warning[207]: Found label after column 1. (EnviarDecenas)
0151                  00574     EnviarDecenas:
0151   0831           00575         MOVF DECE, W
                      00576         ; Si CEN=0 y DEC=0 y número < 10 ? no enviar decena
0152   1903           00577         BTFSC STATUS, Z
0153   2???           00578         GOTO EnviarUnidades
0154   3E30           00579         ADDLW '0'
0155   2???           00580         CALL UART_Send
                      00581 
Warning[207]: Found label after column 1. (EnviarUnidades)
0156                  00582     EnviarUnidades:
0156   0832           00583         MOVF UNI, W
0157   3E30           00584         ADDLW '0'
0158   2???           00585         CALL UART_Send
                      00586 
0159   0008           00587         RETURN
                      00588     
                      00589         
                      00590         
015A                  00591 ISR:
Warning[207]: Found label after column 1. (Guardado_contexto)
015A                  00592     Guardado_contexto:
015A   00F1           00593         MOVWF W_TEMP
015B   0E03           00594         SWAPF STATUS, W
015C   00F0           00595         MOVWF STATUS_TEMP
                      00596     
Warning[207]: Found label after column 1. (ChequeoBandera)
015D                  00597     ChequeoBandera:
015D   190B           00598         BTFSC INTCON, T0IF
015E   2???           00599         GOTO ONDA_CUADRADA
015F   2???           00600         GOTO SalidaISR
                      00601     
Warning[207]: Found label after column 1. (ONDA_CUADRADA)
0160                  00602     ONDA_CUADRADA:
0160   110B           00603         BCF INTCON, T0IF
0161   0820           00604         MOVF periodo, W
0162   1903           00605         BTFSC STATUS, Z
0163   2???           00606         GOTO SalidaISR
0164   0081           00607         MOVWF TMR0
MPASM 5.87                      THEREMIN.ASM   11-17-2025  18:50:21         PAGE 14


LOC  OBJECT CODE     LINE SOURCE TEXT
  VALUE

0165   3001           00608         MOVLW .1
0166   0686           00609         XORWF PORTB, F
0167   2???           00610         GOTO SalidaISR
                      00611     
Warning[207]: Found label after column 1. (SalidaISR)
0168                  00612     SalidaISR:
0168   0E70           00613         SWAPF STATUS_TEMP, W
0169   0083           00614         MOVWF STATUS
016A   0EF1           00615         SWAPF W_TEMP, F
016B   0E71           00616         SWAPF W_TEMP, W
016C   0009           00617         RETFIE
                      00618  
Warning[205]: Found directive in column 1. (END)
23E1 3FFF             00619 END
MPASM 5.87                      THEREMIN.ASM   11-17-2025  18:50:21         PAGE 15


SYMBOL TABLE
  LABEL                             VALUE 

ABDEN                             00000000
ABDOVF                            00000007
ACKDT                             00000005
ACKEN                             00000004
ACKSTAT                           00000006
ADCON0                            0000001F
ADCON1                            0000009F
ADCS0                             00000006
ADCS1                             00000007
ADDEN                             00000003
ADFM                              00000007
ADIE                              00000006
ADIF                              00000006
ADON                              00000000
ADRESH                            0000001E
ADRESL                            0000009E
ANS0                              00000000
ANS1                              00000001
ANS10                             00000002
ANS11                             00000003
ANS12                             00000004
ANS13                             00000005
ANS2                              00000002
ANS3                              00000003
ANS4                              00000004
ANS5                              00000005
ANS6                              00000006
ANS7                              00000007
ANS8                              00000000
ANS9                              00000001
ANSEL                             00000188
ANSELH                            00000189
BAUDCTL                           00000187
BCLIE                             00000003
BCLIF                             00000003
BF                                00000000
BRG0                              00000000
BRG1                              00000001
BRG10                             00000002
BRG11                             00000003
BRG12                             00000004
BRG13                             00000005
BRG14                             00000006
BRG15                             00000007
BRG16                             00000003
BRG2                              00000002
BRG3                              00000003
BRG4                              00000004
BRG5                              00000005
BRG6                              00000006
BRG7                              00000007
BRG8                              00000000
BRG9                              00000001
MPASM 5.87                      THEREMIN.ASM   11-17-2025  18:50:21         PAGE 16


SYMBOL TABLE
  LABEL                             VALUE 

BRGH                              00000002
C                                 00000000
C1CH0                             00000000
C1CH1                             00000001
C1IE                              00000005
C1IF                              00000005
C1OE                              00000005
C1ON                              00000007
C1OUT                             00000006
C1POL                             00000004
C1R                               00000002
C1RSEL                            00000005
C1SEN                             00000005
C2CH0                             00000000
C2CH1                             00000001
C2IE                              00000006
C2IF                              00000006
C2OE                              00000005
C2ON                              00000007
C2OUT                             00000006
C2POL                             00000004
C2R                               00000002
C2REN                             00000004
C2RSEL                            00000004
C2SYNC                            00000000
CCP1CON                           00000017
CCP1IE                            00000002
CCP1IF                            00000002
CCP1M0                            00000000
CCP1M1                            00000001
CCP1M2                            00000002
CCP1M3                            00000003
CCP1X                             00000005
CCP1Y                             00000004
CCP2CON                           0000001D
CCP2IE                            00000000
CCP2IF                            00000000
CCP2M0                            00000000
CCP2M1                            00000001
CCP2M2                            00000002
CCP2M3                            00000003
CCP2X                             00000005
CCP2Y                             00000004
CCPR1                             00000015
CCPR1H                            00000016
CCPR1L                            00000015
CCPR2                             0000001B
CCPR2H                            0000001C
CCPR2L                            0000001B
CEN                               00000033
CHS0                              00000002
CHS1                              00000003
CHS2                              00000004
MPASM 5.87                      THEREMIN.ASM   11-17-2025  18:50:21         PAGE 17


SYMBOL TABLE
  LABEL                             VALUE 

CHS3                              00000005
CKE                               00000006
CKP                               00000004
CM1CON0                           00000107
CM2CON0                           00000108
CM2CON1                           00000109
CREN                              00000004
CSRC                              00000007
CalculoDistancia                  000000CC
CalculoFrecuencia                 00000032
CapturaValores                    000000FF
ChequeoBandera                    0000015D
CientosLoop                       0000013A
D                                 00000005
DATA_ADDRESS                      00000005
DC                                00000001
DC1B0                             00000004
DC1B1                             00000005
DC2B0                             00000004
DC2B1                             00000005
DECE                              00000031
DIST_CM                           00000023
DIVISOR                           00000027
DLY_H                             00000028
DLY_L                             00000029
D_A                               00000005
D_NOT_A                           00000005
DecenasLoop                       00000142
DecenasStart                      00000142
Delay_10us                        00000104
Delay_60ms                        00000029
Delay_60ms_H                      0000002B
Delay_60ms_L                      0000002D
DivisionEnd                       000000E7
DivisionLoop                      000000D9
ECCPAS                            0000009C
ECCPAS0                           00000004
ECCPAS1                           00000005
ECCPAS2                           00000006
ECCPASE                           00000007
EEADR                             0000010D
EEADRH                            0000010F
EECON1                            0000018C
EECON2                            0000018D
EEDAT                             0000010C
EEDATA                            0000010C
EEDATH                            0000010E
EEIE                              00000004
EEIF                              00000004
EEPGD                             00000007
EnviarDecenas                     00000151
EnviarDistancia                   0000010F
EnviarNumero0a255                 00000136
MPASM 5.87                      THEREMIN.ASM   11-17-2025  18:50:21         PAGE 18


SYMBOL TABLE
  LABEL                             VALUE 

EnviarUnidades                    00000156
EsperaBajada                      000000F8
EsperaSubida                      000000EF
F                                 00000001
FERR                              00000002
FSR                               00000004
FVREN                             00000000
FinFrecuencia                     000000CB
GCEN                              00000007
GIE                               00000007
GO                                00000001
GO_DONE                           00000001
GO_NOT_DONE                       00000001
Guardado_contexto                 0000015A
HTS                               00000002
I2C_DATA                          00000005
I2C_READ                          00000002
I2C_START                         00000003
I2C_STOP                          00000004
INDF                              00000000
INTCON                            0000000B
INTE                              00000004
INTEDG                            00000006
INTF                              00000001
IOCB                              00000096
IOCB0                             00000000
IOCB1                             00000001
IOCB2                             00000002
IOCB3                             00000003
IOCB4                             00000004
IOCB5                             00000005
IOCB6                             00000006
IOCB7                             00000007
IRCF0                             00000004
IRCF1                             00000005
IRCF2                             00000006
IRP                               00000007
ISR                               0000015A
InicioTimer                       000000F1
LTS                               00000001
Loop                              00000024
MC1OUT                            00000007
MC2OUT                            00000006
MSK                               00000093
MSK0                              00000000
MSK1                              00000001
MSK2                              00000002
MSK3                              00000003
MSK4                              00000004
MSK5                              00000005
MSK6                              00000006
MSK7                              00000007
Main                              00000005
MPASM 5.87                      THEREMIN.ASM   11-17-2025  18:50:21         PAGE 19


SYMBOL TABLE
  LABEL                             VALUE 

NOTA_A4                           000000A8
NOTA_A5                           000000C0
NOTA_As4                          000000AA
NOTA_As5                          000000C2
NOTA_B4                           000000AC
NOTA_B5                           000000C4
NOTA_C4                           00000096
NOTA_C5                           000000AE
NOTA_C6                           000000C6
NOTA_Cs4                          00000098
NOTA_Cs5                          000000B0
NOTA_D4                           0000009A
NOTA_D5                           000000B2
NOTA_Ds4                          0000009C
NOTA_Ds5                          000000B4
NOTA_E4                           0000009E
NOTA_E5                           000000B6
NOTA_F4                           000000A0
NOTA_F5                           000000B8
NOTA_Fs4                          000000A2
NOTA_Fs5                          000000BA
NOTA_G4                           000000A4
NOTA_G5                           000000BC
NOTA_Gs4                          000000A6
NOTA_Gs5                          000000BE
NOT_A                             00000005
NOT_ADDRESS                       00000005
NOT_BO                            00000000
NOT_BOR                           00000000
NOT_DONE                          00000001
NOT_PD                            00000003
NOT_POR                           00000001
NOT_RBPU                          00000007
NOT_RC8                           00000006
NOT_T1SYNC                        00000002
NOT_TO                            00000004
NOT_TX8                           00000006
NOT_W                             00000002
NOT_WRITE                         00000002
NUM                               00000030
NoEcho_NoRango                    000000EA
OERR                              00000001
ONDA_CUADRADA                     00000160
OPTION_REG                        00000081
OSCCON                            0000008F
OSCTUNE                           00000090
OSFIE                             00000007
OSFIF                             00000007
OSTS                              00000003
P                                 00000004
P1M0                              00000006
P1M1                              00000007
PCL                               00000002
MPASM 5.87                      THEREMIN.ASM   11-17-2025  18:50:21         PAGE 20


SYMBOL TABLE
  LABEL                             VALUE 

PCLATH                            0000000A
PCON                              0000008E
PDC0                              00000000
PDC1                              00000001
PDC2                              00000002
PDC3                              00000003
PDC4                              00000004
PDC5                              00000005
PDC6                              00000006
PEIE                              00000006
PEN                               00000002
PIE1                              0000008C
PIE2                              0000008D
PIR1                              0000000C
PIR2                              0000000D
PORTA                             00000005
PORTB                             00000006
PORTC                             00000007
PORTD                             00000008
PORTE                             00000009
PR2                               00000092
PRSEN                             00000007
PS0                               00000000
PS1                               00000001
PS2                               00000002
PSA                               00000003
PSSAC0                            00000002
PSSAC1                            00000003
PSSBD0                            00000000
PSSBD1                            00000001
PSTRCON                           0000009D
PULSR                             00000002
PULSS                             00000003
PWM1CON                           0000009B
R                                 00000002
RA0                               00000000
RA1                               00000001
RA2                               00000002
RA3                               00000003
RA4                               00000004
RA5                               00000005
RA6                               00000006
RA7                               00000007
RB0                               00000000
RB1                               00000001
RB2                               00000002
RB3                               00000003
RB4                               00000004
RB5                               00000005
RB6                               00000006
RB7                               00000007
RBIE                              00000003
RBIF                              00000000
MPASM 5.87                      THEREMIN.ASM   11-17-2025  18:50:21         PAGE 21


SYMBOL TABLE
  LABEL                             VALUE 

RC0                               00000000
RC1                               00000001
RC2                               00000002
RC3                               00000003
RC4                               00000004
RC5                               00000005
RC6                               00000006
RC7                               00000007
RC8_9                             00000006
RC9                               00000006
RCD8                              00000000
RCEN                              00000003
RCIDL                             00000006
RCIE                              00000005
RCIF                              00000005
RCREG                             0000001A
RCSTA                             00000018
RD                                00000000
RD0                               00000000
RD1                               00000001
RD2                               00000002
RD3                               00000003
RD4                               00000004
RD5                               00000005
RD6                               00000006
RD7                               00000007
RE0                               00000000
RE1                               00000001
RE2                               00000002
RE3                               00000003
READ_WRITE                        00000002
RP0                               00000005
RP1                               00000006
RSEN                              00000001
RX9                               00000006
RX9D                              00000000
R_NOT_W                           00000002
R_W                               00000002
RutinaMedicion                    000000EC
S                                 00000003
SBOREN                            00000004
SCKP                              00000004
SCS                               00000000
SEN                               00000000
SENDB                             00000003
SMP                               00000007
SPBRG                             00000099
SPBRGH                            0000009A
SPEN                              00000007
SR0                               00000006
SR1                               00000007
SRCON                             00000185
SREN                              00000005
MPASM 5.87                      THEREMIN.ASM   11-17-2025  18:50:21         PAGE 22


SYMBOL TABLE
  LABEL                             VALUE 

SSPADD                            00000093
SSPBUF                            00000013
SSPCON                            00000014
SSPCON2                           00000091
SSPEN                             00000005
SSPIE                             00000003
SSPIF                             00000003
SSPM0                             00000000
SSPM1                             00000001
SSPM2                             00000002
SSPM3                             00000003
SSPMSK                            00000093
SSPOV                             00000006
SSPSTAT                           00000094
STATUS                            00000003
STATUS_TEMP                       00000070
STRA                              00000000
STRB                              00000001
STRC                              00000002
STRD                              00000003
STRSYNC                           00000004
SWDTEN                            00000000
SYNC                              00000004
SalidaISR                         00000168
SetPer                            000000C8
SinEcho                           000000CA
T0CS                              00000005
T0IE                              00000005
T0IF                              00000002
T0SE                              00000004
T1CKPS0                           00000004
T1CKPS1                           00000005
T1CON                             00000010
T1GINV                            00000007
T1GIV                             00000007
T1GSS                             00000001
T1INSYNC                          00000002
T1OSCEN                           00000003
T1SYNC                            00000002
T2CKPS0                           00000000
T2CKPS1                           00000001
T2CON                             00000012
TMP0                              00000025
TMP1                              00000026
TMR0                              00000001
TMR0IE                            00000005
TMR0IF                            00000002
TMR1                              0000000E
TMR1CS                            00000001
TMR1GE                            00000006
TMR1H                             0000000F
TMR1IE                            00000000
TMR1IF                            00000000
MPASM 5.87                      THEREMIN.ASM   11-17-2025  18:50:21         PAGE 23


SYMBOL TABLE
  LABEL                             VALUE 

TMR1L                             0000000E
TMR1ON                            00000000
TMR2                              00000011
TMR2IE                            00000001
TMR2IF                            00000001
TMR2ON                            00000002
TOUTPS0                           00000003
TOUTPS1                           00000004
TOUTPS2                           00000005
TOUTPS3                           00000006
TRISA                             00000085
TRISA0                            00000000
TRISA1                            00000001
TRISA2                            00000002
TRISA3                            00000003
TRISA4                            00000004
TRISA5                            00000005
TRISA6                            00000006
TRISA7                            00000007
TRISB                             00000086
TRISB0                            00000000
TRISB1                            00000001
TRISB2                            00000002
TRISB3                            00000003
TRISB4                            00000004
TRISB5                            00000005
TRISB6                            00000006
TRISB7                            00000007
TRISC                             00000087
TRISC0                            00000000
TRISC1                            00000001
TRISC2                            00000002
TRISC3                            00000003
TRISC4                            00000004
TRISC5                            00000005
TRISC6                            00000006
TRISC7                            00000007
TRISD                             00000088
TRISD0                            00000000
TRISD1                            00000001
TRISD2                            00000002
TRISD3                            00000003
TRISD4                            00000004
TRISD5                            00000005
TRISD6                            00000006
TRISD7                            00000007
TRISE                             00000089
TRISE0                            00000000
TRISE1                            00000001
TRISE2                            00000002
TRISE3                            00000003
TRMT                              00000001
TUN0                              00000000
MPASM 5.87                      THEREMIN.ASM   11-17-2025  18:50:21         PAGE 24


SYMBOL TABLE
  LABEL                             VALUE 

TUN1                              00000001
TUN2                              00000002
TUN3                              00000003
TUN4                              00000004
TX8_9                             00000006
TX9                               00000006
TX9D                              00000000
TXD8                              00000000
TXEN                              00000005
TXIE                              00000004
TXIF                              00000004
TXREG                             00000019
TXSTA                             00000098
TestToggle                        00000024
Tiempo_H                          00000022
Tiempo_L                          00000021
Timeout                           000000FC
Trigger_and_wait                  000000EC
UA                                00000001
UART_Send                         00000132
ULPWUE                            00000005
ULPWUIE                           00000002
ULPWUIF                           00000002
UNI                               00000032
UnidadesStart                     0000014A
VCFG0                             00000004
VCFG1                             00000005
VR0                               00000000
VR1                               00000001
VR2                               00000002
VR3                               00000003
VRCON                             00000097
VREN                              00000007
VROE                              00000006
VRR                               00000005
VRSS                              00000004
VerificarTimeout                  000000F4
W                                 00000000
WCOL                              00000007
WDTCON                            00000105
WDTPS0                            00000001
WDTPS1                            00000002
WDTPS2                            00000003
WDTPS3                            00000004
WPUB                              00000095
WPUB0                             00000000
WPUB1                             00000001
WPUB2                             00000002
WPUB3                             00000003
WPUB4                             00000004
WPUB5                             00000005
WPUB6                             00000006
WPUB7                             00000007
MPASM 5.87                      THEREMIN.ASM   11-17-2025  18:50:21         PAGE 25


SYMBOL TABLE
  LABEL                             VALUE 

WR                                00000001
WREN                              00000002
WRERR                             00000003
WUE                               00000001
W_TEMP                            00000071
Z                                 00000002
_BOR21V                           00003EFF
_BOR40V                           00003FFF
_BOR4V_BOR21V                     00003EFF
_BOR4V_BOR40V                     00003FFF
_BOREN_NSLEEP                     00003EFF
_BOREN_OFF                        00003CFF
_BOREN_ON                         00003FFF
_BOREN_SBODEN                     00003DFF
_BOR_NSLEEP                       00003EFF
_BOR_OFF                          00003CFF
_BOR_ON                           00003FFF
_BOR_SBODEN                       00003DFF
_CONFIG1                          00002007
_CONFIG2                          00002008
_CPD_OFF                          00003FFF
_CPD_ON                           00003F7F
_CP_OFF                           00003FFF
_CP_ON                            00003FBF
_DEBUG_OFF                        00003FFF
_DEBUG_ON                         00001FFF
_DEVID1                           00002006
_EC_OSC                           00003FFB
_EXTRC                            00003FFF
_EXTRCIO                          00003FFE
_EXTRC_OSC_CLKOUT                 00003FFF
_EXTRC_OSC_NOCLKOUT               00003FFE
_FCMEN_OFF                        000037FF
_FCMEN_ON                         00003FFF
_FOSC_EC                          00003FFB
_FOSC_EXTRC_CLKOUT                00003FFF
_FOSC_EXTRC_NOCLKOUT              00003FFE
_FOSC_HS                          00003FFA
_FOSC_INTRC_CLKOUT                00003FFD
_FOSC_INTRC_NOCLKOUT              00003FFC
_FOSC_LP                          00003FF8
_FOSC_XT                          00003FF9
_HS_OSC                           00003FFA
_IDLOC0                           00002000
_IDLOC1                           00002001
_IDLOC2                           00002002
_IDLOC3                           00002003
_IESO_OFF                         00003BFF
_IESO_ON                          00003FFF
_INTOSC                           00003FFD
_INTOSCIO                         00003FFC
_INTRC_OSC_CLKOUT                 00003FFD
_INTRC_OSC_NOCLKOUT               00003FFC
MPASM 5.87                      THEREMIN.ASM   11-17-2025  18:50:21         PAGE 26


SYMBOL TABLE
  LABEL                             VALUE 

_LP_OSC                           00003FF8
_LVP_OFF                          00002FFF
_LVP_ON                           00003FFF
_MCLRE_OFF                        00003FDF
_MCLRE_ON                         00003FFF
_PWRTE_OFF                        00003FFF
_PWRTE_ON                         00003FEF
_WDTE_OFF                         00003FF7
_WDTE_ON                          00003FFF
_WDT_OFF                          00003FF7
_WDT_ON                           00003FFF
_WRT_1FOURTH                      00003BFF
_WRT_256                          00003DFF
_WRT_HALF                         000039FF
_WRT_OFF                          00003FFF
_XT_OSC                           00003FF9
__16F887                          00000001
periodo                           00000020
resultado                         00000024

Errors   :     0
Warnings :    65 reported,     0 suppressed
Messages :     8 reported,     0 suppressed

