Warning[207] C:\USERS\VALEN\DESKTOP\INGENIERIA\DIGITAL 2\GIT\TP_FINAL\TRABAJO_PRACTICO_DE_FIN_DE_CURSO_ELECTRONICA_DIGITAL_2\THREMIN.X\THEREMIN.ASM 42 : Found label after column 1. (Main)
Message[302] C:\USERS\VALEN\DESKTOP\INGENIERIA\DIGITAL 2\GIT\TP_FINAL\TRABAJO_PRACTICO_DE_FIN_DE_CURSO_ELECTRONICA_DIGITAL_2\THREMIN.X\THEREMIN.ASM 47 : Register in operand not in bank 0.  Ensure that bank bits are correct.
Message[302] C:\USERS\VALEN\DESKTOP\INGENIERIA\DIGITAL 2\GIT\TP_FINAL\TRABAJO_PRACTICO_DE_FIN_DE_CURSO_ELECTRONICA_DIGITAL_2\THREMIN.X\THEREMIN.ASM 49 : Register in operand not in bank 0.  Ensure that bank bits are correct.
Message[302] C:\USERS\VALEN\DESKTOP\INGENIERIA\DIGITAL 2\GIT\TP_FINAL\TRABAJO_PRACTICO_DE_FIN_DE_CURSO_ELECTRONICA_DIGITAL_2\THREMIN.X\THEREMIN.ASM 51 : Register in operand not in bank 0.  Ensure that bank bits are correct.
Message[302] C:\USERS\VALEN\DESKTOP\INGENIERIA\DIGITAL 2\GIT\TP_FINAL\TRABAJO_PRACTICO_DE_FIN_DE_CURSO_ELECTRONICA_DIGITAL_2\THREMIN.X\THEREMIN.ASM 53 : Register in operand not in bank 0.  Ensure that bank bits are correct.
Message[302] C:\USERS\VALEN\DESKTOP\INGENIERIA\DIGITAL 2\GIT\TP_FINAL\TRABAJO_PRACTICO_DE_FIN_DE_CURSO_ELECTRONICA_DIGITAL_2\THREMIN.X\THEREMIN.ASM 54 : Register in operand not in bank 0.  Ensure that bank bits are correct.
Message[302] C:\USERS\VALEN\DESKTOP\INGENIERIA\DIGITAL 2\GIT\TP_FINAL\TRABAJO_PRACTICO_DE_FIN_DE_CURSO_ELECTRONICA_DIGITAL_2\THREMIN.X\THEREMIN.ASM 57 : Register in operand not in bank 0.  Ensure that bank bits are correct.
Message[302] C:\USERS\VALEN\DESKTOP\INGENIERIA\DIGITAL 2\GIT\TP_FINAL\TRABAJO_PRACTICO_DE_FIN_DE_CURSO_ELECTRONICA_DIGITAL_2\THREMIN.X\THEREMIN.ASM 60 : Register in operand not in bank 0.  Ensure that bank bits are correct.
Message[302] C:\USERS\VALEN\DESKTOP\INGENIERIA\DIGITAL 2\GIT\TP_FINAL\TRABAJO_PRACTICO_DE_FIN_DE_CURSO_ELECTRONICA_DIGITAL_2\THREMIN.X\THEREMIN.ASM 62 : Register in operand not in bank 0.  Ensure that bank bits are correct.
Message[302] C:\USERS\VALEN\DESKTOP\INGENIERIA\DIGITAL 2\GIT\TP_FINAL\TRABAJO_PRACTICO_DE_FIN_DE_CURSO_ELECTRONICA_DIGITAL_2\THREMIN.X\THEREMIN.ASM 66 : Register in operand not in bank 0.  Ensure that bank bits are correct.
Message[302] C:\USERS\VALEN\DESKTOP\INGENIERIA\DIGITAL 2\GIT\TP_FINAL\TRABAJO_PRACTICO_DE_FIN_DE_CURSO_ELECTRONICA_DIGITAL_2\THREMIN.X\THEREMIN.ASM 69 : Register in operand not in bank 0.  Ensure that bank bits are correct.
Message[302] C:\USERS\VALEN\DESKTOP\INGENIERIA\DIGITAL 2\GIT\TP_FINAL\TRABAJO_PRACTICO_DE_FIN_DE_CURSO_ELECTRONICA_DIGITAL_2\THREMIN.X\THEREMIN.ASM 70 : Register in operand not in bank 0.  Ensure that bank bits are correct.
Message[302] C:\USERS\VALEN\DESKTOP\INGENIERIA\DIGITAL 2\GIT\TP_FINAL\TRABAJO_PRACTICO_DE_FIN_DE_CURSO_ELECTRONICA_DIGITAL_2\THREMIN.X\THEREMIN.ASM 71 : Register in operand not in bank 0.  Ensure that bank bits are correct.
Message[302] C:\USERS\VALEN\DESKTOP\INGENIERIA\DIGITAL 2\GIT\TP_FINAL\TRABAJO_PRACTICO_DE_FIN_DE_CURSO_ELECTRONICA_DIGITAL_2\THREMIN.X\THEREMIN.ASM 77 : Register in operand not in bank 0.  Ensure that bank bits are correct.
Message[302] C:\USERS\VALEN\DESKTOP\INGENIERIA\DIGITAL 2\GIT\TP_FINAL\TRABAJO_PRACTICO_DE_FIN_DE_CURSO_ELECTRONICA_DIGITAL_2\THREMIN.X\THEREMIN.ASM 85 : Register in operand not in bank 0.  Ensure that bank bits are correct.
Warning[207] C:\USERS\VALEN\DESKTOP\INGENIERIA\DIGITAL 2\GIT\TP_FINAL\TRABAJO_PRACTICO_DE_FIN_DE_CURSO_ELECTRONICA_DIGITAL_2\THREMIN.X\THEREMIN.ASM 106 : Found label after column 1. (Loop)
Warning[207] C:\USERS\VALEN\DESKTOP\INGENIERIA\DIGITAL 2\GIT\TP_FINAL\TRABAJO_PRACTICO_DE_FIN_DE_CURSO_ELECTRONICA_DIGITAL_2\THREMIN.X\THEREMIN.ASM 116 : Found label after column 1. (Delay_60ms)
Warning[207] C:\USERS\VALEN\DESKTOP\INGENIERIA\DIGITAL 2\GIT\TP_FINAL\TRABAJO_PRACTICO_DE_FIN_DE_CURSO_ELECTRONICA_DIGITAL_2\THREMIN.X\THEREMIN.ASM 120 : Found label after column 1. (Delay_60ms_H)
Warning[207] C:\USERS\VALEN\DESKTOP\INGENIERIA\DIGITAL 2\GIT\TP_FINAL\TRABAJO_PRACTICO_DE_FIN_DE_CURSO_ELECTRONICA_DIGITAL_2\THREMIN.X\THEREMIN.ASM 124 : Found label after column 1. (Delay_60ms_L)
Warning[207] C:\USERS\VALEN\DESKTOP\INGENIERIA\DIGITAL 2\GIT\TP_FINAL\TRABAJO_PRACTICO_DE_FIN_DE_CURSO_ELECTRONICA_DIGITAL_2\THREMIN.X\THEREMIN.ASM 135 : Found label after column 1. (CalculoFrecuencia)
Warning[207] C:\USERS\VALEN\DESKTOP\INGENIERIA\DIGITAL 2\GIT\TP_FINAL\TRABAJO_PRACTICO_DE_FIN_DE_CURSO_ELECTRONICA_DIGITAL_2\THREMIN.X\THEREMIN.ASM 270 : Found label after column 1. (NOTA_C4)
Warning[207] C:\USERS\VALEN\DESKTOP\INGENIERIA\DIGITAL 2\GIT\TP_FINAL\TRABAJO_PRACTICO_DE_FIN_DE_CURSO_ELECTRONICA_DIGITAL_2\THREMIN.X\THEREMIN.ASM 274 : Found label after column 1. (NOTA_Cs4)
Warning[207] C:\USERS\VALEN\DESKTOP\INGENIERIA\DIGITAL 2\GIT\TP_FINAL\TRABAJO_PRACTICO_DE_FIN_DE_CURSO_ELECTRONICA_DIGITAL_2\THREMIN.X\THEREMIN.ASM 278 : Found label after column 1. (NOTA_D4)
Warning[207] C:\USERS\VALEN\DESKTOP\INGENIERIA\DIGITAL 2\GIT\TP_FINAL\TRABAJO_PRACTICO_DE_FIN_DE_CURSO_ELECTRONICA_DIGITAL_2\THREMIN.X\THEREMIN.ASM 282 : Found label after column 1. (NOTA_Ds4)
Warning[207] C:\USERS\VALEN\DESKTOP\INGENIERIA\DIGITAL 2\GIT\TP_FINAL\TRABAJO_PRACTICO_DE_FIN_DE_CURSO_ELECTRONICA_DIGITAL_2\THREMIN.X\THEREMIN.ASM 286 : Found label after column 1. (NOTA_E4)
Warning[207] C:\USERS\VALEN\DESKTOP\INGENIERIA\DIGITAL 2\GIT\TP_FINAL\TRABAJO_PRACTICO_DE_FIN_DE_CURSO_ELECTRONICA_DIGITAL_2\THREMIN.X\THEREMIN.ASM 290 : Found label after column 1. (NOTA_F4)
Warning[207] C:\USERS\VALEN\DESKTOP\INGENIERIA\DIGITAL 2\GIT\TP_FINAL\TRABAJO_PRACTICO_DE_FIN_DE_CURSO_ELECTRONICA_DIGITAL_2\THREMIN.X\THEREMIN.ASM 294 : Found label after column 1. (NOTA_Fs4)
Warning[207] C:\USERS\VALEN\DESKTOP\INGENIERIA\DIGITAL 2\GIT\TP_FINAL\TRABAJO_PRACTICO_DE_FIN_DE_CURSO_ELECTRONICA_DIGITAL_2\THREMIN.X\THEREMIN.ASM 298 : Found label after column 1. (NOTA_G4)
Warning[207] C:\USERS\VALEN\DESKTOP\INGENIERIA\DIGITAL 2\GIT\TP_FINAL\TRABAJO_PRACTICO_DE_FIN_DE_CURSO_ELECTRONICA_DIGITAL_2\THREMIN.X\THEREMIN.ASM 302 : Found label after column 1. (NOTA_Gs4)
Warning[207] C:\USERS\VALEN\DESKTOP\INGENIERIA\DIGITAL 2\GIT\TP_FINAL\TRABAJO_PRACTICO_DE_FIN_DE_CURSO_ELECTRONICA_DIGITAL_2\THREMIN.X\THEREMIN.ASM 306 : Found label after column 1. (NOTA_A4)
Warning[207] C:\USERS\VALEN\DESKTOP\INGENIERIA\DIGITAL 2\GIT\TP_FINAL\TRABAJO_PRACTICO_DE_FIN_DE_CURSO_ELECTRONICA_DIGITAL_2\THREMIN.X\THEREMIN.ASM 310 : Found label after column 1. (NOTA_As4)
Warning[207] C:\USERS\VALEN\DESKTOP\INGENIERIA\DIGITAL 2\GIT\TP_FINAL\TRABAJO_PRACTICO_DE_FIN_DE_CURSO_ELECTRONICA_DIGITAL_2\THREMIN.X\THEREMIN.ASM 314 : Found label after column 1. (NOTA_B4)
Warning[207] C:\USERS\VALEN\DESKTOP\INGENIERIA\DIGITAL 2\GIT\TP_FINAL\TRABAJO_PRACTICO_DE_FIN_DE_CURSO_ELECTRONICA_DIGITAL_2\THREMIN.X\THEREMIN.ASM 318 : Found label after column 1. (NOTA_C5)
Warning[207] C:\USERS\VALEN\DESKTOP\INGENIERIA\DIGITAL 2\GIT\TP_FINAL\TRABAJO_PRACTICO_DE_FIN_DE_CURSO_ELECTRONICA_DIGITAL_2\THREMIN.X\THEREMIN.ASM 322 : Found label after column 1. (NOTA_Cs5)
Warning[207] C:\USERS\VALEN\DESKTOP\INGENIERIA\DIGITAL 2\GIT\TP_FINAL\TRABAJO_PRACTICO_DE_FIN_DE_CURSO_ELECTRONICA_DIGITAL_2\THREMIN.X\THEREMIN.ASM 326 : Found label after column 1. (NOTA_D5)
Warning[207] C:\USERS\VALEN\DESKTOP\INGENIERIA\DIGITAL 2\GIT\TP_FINAL\TRABAJO_PRACTICO_DE_FIN_DE_CURSO_ELECTRONICA_DIGITAL_2\THREMIN.X\THEREMIN.ASM 330 : Found label after column 1. (NOTA_Ds5)
Warning[207] C:\USERS\VALEN\DESKTOP\INGENIERIA\DIGITAL 2\GIT\TP_FINAL\TRABAJO_PRACTICO_DE_FIN_DE_CURSO_ELECTRONICA_DIGITAL_2\THREMIN.X\THEREMIN.ASM 334 : Found label after column 1. (NOTA_E5)
Warning[207] C:\USERS\VALEN\DESKTOP\INGENIERIA\DIGITAL 2\GIT\TP_FINAL\TRABAJO_PRACTICO_DE_FIN_DE_CURSO_ELECTRONICA_DIGITAL_2\THREMIN.X\THEREMIN.ASM 338 : Found label after column 1. (NOTA_F5)
Warning[207] C:\USERS\VALEN\DESKTOP\INGENIERIA\DIGITAL 2\GIT\TP_FINAL\TRABAJO_PRACTICO_DE_FIN_DE_CURSO_ELECTRONICA_DIGITAL_2\THREMIN.X\THEREMIN.ASM 342 : Found label after column 1. (NOTA_Fs5)
Warning[207] C:\USERS\VALEN\DESKTOP\INGENIERIA\DIGITAL 2\GIT\TP_FINAL\TRABAJO_PRACTICO_DE_FIN_DE_CURSO_ELECTRONICA_DIGITAL_2\THREMIN.X\THEREMIN.ASM 346 : Found label after column 1. (NOTA_G5)
Warning[207] C:\USERS\VALEN\DESKTOP\INGENIERIA\DIGITAL 2\GIT\TP_FINAL\TRABAJO_PRACTICO_DE_FIN_DE_CURSO_ELECTRONICA_DIGITAL_2\THREMIN.X\THEREMIN.ASM 350 : Found label after column 1. (NOTA_Gs5)
Warning[207] C:\USERS\VALEN\DESKTOP\INGENIERIA\DIGITAL 2\GIT\TP_FINAL\TRABAJO_PRACTICO_DE_FIN_DE_CURSO_ELECTRONICA_DIGITAL_2\THREMIN.X\THEREMIN.ASM 354 : Found label after column 1. (NOTA_A5)
Warning[207] C:\USERS\VALEN\DESKTOP\INGENIERIA\DIGITAL 2\GIT\TP_FINAL\TRABAJO_PRACTICO_DE_FIN_DE_CURSO_ELECTRONICA_DIGITAL_2\THREMIN.X\THEREMIN.ASM 358 : Found label after column 1. (NOTA_As5)
Warning[207] C:\USERS\VALEN\DESKTOP\INGENIERIA\DIGITAL 2\GIT\TP_FINAL\TRABAJO_PRACTICO_DE_FIN_DE_CURSO_ELECTRONICA_DIGITAL_2\THREMIN.X\THEREMIN.ASM 362 : Found label after column 1. (NOTA_B5)
Warning[207] C:\USERS\VALEN\DESKTOP\INGENIERIA\DIGITAL 2\GIT\TP_FINAL\TRABAJO_PRACTICO_DE_FIN_DE_CURSO_ELECTRONICA_DIGITAL_2\THREMIN.X\THEREMIN.ASM 366 : Found label after column 1. (NOTA_C6)
Warning[207] C:\USERS\VALEN\DESKTOP\INGENIERIA\DIGITAL 2\GIT\TP_FINAL\TRABAJO_PRACTICO_DE_FIN_DE_CURSO_ELECTRONICA_DIGITAL_2\THREMIN.X\THEREMIN.ASM 371 : Found label after column 1. (SetPer)
Warning[207] C:\USERS\VALEN\DESKTOP\INGENIERIA\DIGITAL 2\GIT\TP_FINAL\TRABAJO_PRACTICO_DE_FIN_DE_CURSO_ELECTRONICA_DIGITAL_2\THREMIN.X\THEREMIN.ASM 375 : Found label after column 1. (SinEcho)
Warning[207] C:\USERS\VALEN\DESKTOP\INGENIERIA\DIGITAL 2\GIT\TP_FINAL\TRABAJO_PRACTICO_DE_FIN_DE_CURSO_ELECTRONICA_DIGITAL_2\THREMIN.X\THEREMIN.ASM 378 : Found label after column 1. (FinFrecuencia)
Warning[207] C:\USERS\VALEN\DESKTOP\INGENIERIA\DIGITAL 2\GIT\TP_FINAL\TRABAJO_PRACTICO_DE_FIN_DE_CURSO_ELECTRONICA_DIGITAL_2\THREMIN.X\THEREMIN.ASM 385 : Found label after column 1. (CalculoDistancia)
Warning[207] C:\USERS\VALEN\DESKTOP\INGENIERIA\DIGITAL 2\GIT\TP_FINAL\TRABAJO_PRACTICO_DE_FIN_DE_CURSO_ELECTRONICA_DIGITAL_2\THREMIN.X\THEREMIN.ASM 405 : Found label after column 1. (DivisionLoop)
Warning[207] C:\USERS\VALEN\DESKTOP\INGENIERIA\DIGITAL 2\GIT\TP_FINAL\TRABAJO_PRACTICO_DE_FIN_DE_CURSO_ELECTRONICA_DIGITAL_2\THREMIN.X\THEREMIN.ASM 430 : Found label after column 1. (DivisionEnd)
Warning[207] C:\USERS\VALEN\DESKTOP\INGENIERIA\DIGITAL 2\GIT\TP_FINAL\TRABAJO_PRACTICO_DE_FIN_DE_CURSO_ELECTRONICA_DIGITAL_2\THREMIN.X\THEREMIN.ASM 438 : Found label after column 1. (NoEcho_NoRango)
Warning[207] C:\USERS\VALEN\DESKTOP\INGENIERIA\DIGITAL 2\GIT\TP_FINAL\TRABAJO_PRACTICO_DE_FIN_DE_CURSO_ELECTRONICA_DIGITAL_2\THREMIN.X\THEREMIN.ASM 447 : Found label after column 1. (Trigger_and_wait)
Warning[207] C:\USERS\VALEN\DESKTOP\INGENIERIA\DIGITAL 2\GIT\TP_FINAL\TRABAJO_PRACTICO_DE_FIN_DE_CURSO_ELECTRONICA_DIGITAL_2\THREMIN.X\THEREMIN.ASM 451 : Found label after column 1. (EsperaSubida)
Warning[207] C:\USERS\VALEN\DESKTOP\INGENIERIA\DIGITAL 2\GIT\TP_FINAL\TRABAJO_PRACTICO_DE_FIN_DE_CURSO_ELECTRONICA_DIGITAL_2\THREMIN.X\THEREMIN.ASM 454 : Found label after column 1. (InicioTimer)
Warning[207] C:\USERS\VALEN\DESKTOP\INGENIERIA\DIGITAL 2\GIT\TP_FINAL\TRABAJO_PRACTICO_DE_FIN_DE_CURSO_ELECTRONICA_DIGITAL_2\THREMIN.X\THEREMIN.ASM 460 : Found label after column 1. (VerificarTimeout)
Warning[207] C:\USERS\VALEN\DESKTOP\INGENIERIA\DIGITAL 2\GIT\TP_FINAL\TRABAJO_PRACTICO_DE_FIN_DE_CURSO_ELECTRONICA_DIGITAL_2\THREMIN.X\THEREMIN.ASM 465 : Found label after column 1. (EsperaBajada)
Warning[207] C:\USERS\VALEN\DESKTOP\INGENIERIA\DIGITAL 2\GIT\TP_FINAL\TRABAJO_PRACTICO_DE_FIN_DE_CURSO_ELECTRONICA_DIGITAL_2\THREMIN.X\THEREMIN.ASM 470 : Found label after column 1. (Timeout)
Warning[207] C:\USERS\VALEN\DESKTOP\INGENIERIA\DIGITAL 2\GIT\TP_FINAL\TRABAJO_PRACTICO_DE_FIN_DE_CURSO_ELECTRONICA_DIGITAL_2\THREMIN.X\THEREMIN.ASM 474 : Found label after column 1. (CapturaValores)
Warning[207] C:\USERS\VALEN\DESKTOP\INGENIERIA\DIGITAL 2\GIT\TP_FINAL\TRABAJO_PRACTICO_DE_FIN_DE_CURSO_ELECTRONICA_DIGITAL_2\THREMIN.X\THEREMIN.ASM 485 : Found label after column 1. (Delay_10us)
Warning[207] C:\USERS\VALEN\DESKTOP\INGENIERIA\DIGITAL 2\GIT\TP_FINAL\TRABAJO_PRACTICO_DE_FIN_DE_CURSO_ELECTRONICA_DIGITAL_2\THREMIN.X\THEREMIN.ASM 503 : Found label after column 1. (EnviarDistancia)
Warning[207] C:\USERS\VALEN\DESKTOP\INGENIERIA\DIGITAL 2\GIT\TP_FINAL\TRABAJO_PRACTICO_DE_FIN_DE_CURSO_ELECTRONICA_DIGITAL_2\THREMIN.X\THEREMIN.ASM 549 : Found label after column 1. (UART_Send)
Warning[207] C:\USERS\VALEN\DESKTOP\INGENIERIA\DIGITAL 2\GIT\TP_FINAL\TRABAJO_PRACTICO_DE_FIN_DE_CURSO_ELECTRONICA_DIGITAL_2\THREMIN.X\THEREMIN.ASM 561 : Found label after column 1. (EnviarNumero0a255)
Warning[207] C:\USERS\VALEN\DESKTOP\INGENIERIA\DIGITAL 2\GIT\TP_FINAL\TRABAJO_PRACTICO_DE_FIN_DE_CURSO_ELECTRONICA_DIGITAL_2\THREMIN.X\THEREMIN.ASM 569 : Found label after column 1. (CientosLoop)
Warning[207] C:\USERS\VALEN\DESKTOP\INGENIERIA\DIGITAL 2\GIT\TP_FINAL\TRABAJO_PRACTICO_DE_FIN_DE_CURSO_ELECTRONICA_DIGITAL_2\THREMIN.X\THEREMIN.ASM 579 : Found label after column 1. (DecenasStart)
Warning[207] C:\USERS\VALEN\DESKTOP\INGENIERIA\DIGITAL 2\GIT\TP_FINAL\TRABAJO_PRACTICO_DE_FIN_DE_CURSO_ELECTRONICA_DIGITAL_2\THREMIN.X\THEREMIN.ASM 582 : Found label after column 1. (DecenasLoop)
Warning[207] C:\USERS\VALEN\DESKTOP\INGENIERIA\DIGITAL 2\GIT\TP_FINAL\TRABAJO_PRACTICO_DE_FIN_DE_CURSO_ELECTRONICA_DIGITAL_2\THREMIN.X\THEREMIN.ASM 592 : Found label after column 1. (UnidadesStart)
Warning[207] C:\USERS\VALEN\DESKTOP\INGENIERIA\DIGITAL 2\GIT\TP_FINAL\TRABAJO_PRACTICO_DE_FIN_DE_CURSO_ELECTRONICA_DIGITAL_2\THREMIN.X\THEREMIN.ASM 603 : Found label after column 1. (EnviarDecenas)
Warning[207] C:\USERS\VALEN\DESKTOP\INGENIERIA\DIGITAL 2\GIT\TP_FINAL\TRABAJO_PRACTICO_DE_FIN_DE_CURSO_ELECTRONICA_DIGITAL_2\THREMIN.X\THEREMIN.ASM 611 : Found label after column 1. (EnviarUnidades)
Warning[207] C:\USERS\VALEN\DESKTOP\INGENIERIA\DIGITAL 2\GIT\TP_FINAL\TRABAJO_PRACTICO_DE_FIN_DE_CURSO_ELECTRONICA_DIGITAL_2\THREMIN.X\THEREMIN.ASM 623 : Found label after column 1. (Delay20ms)
Warning[207] C:\USERS\VALEN\DESKTOP\INGENIERIA\DIGITAL 2\GIT\TP_FINAL\TRABAJO_PRACTICO_DE_FIN_DE_CURSO_ELECTRONICA_DIGITAL_2\THREMIN.X\THEREMIN.ASM 627 : Found label after column 1. (Loop1)
Warning[207] C:\USERS\VALEN\DESKTOP\INGENIERIA\DIGITAL 2\GIT\TP_FINAL\TRABAJO_PRACTICO_DE_FIN_DE_CURSO_ELECTRONICA_DIGITAL_2\THREMIN.X\THEREMIN.ASM 631 : Found label after column 1. (Loop2)
Warning[207] C:\USERS\VALEN\DESKTOP\INGENIERIA\DIGITAL 2\GIT\TP_FINAL\TRABAJO_PRACTICO_DE_FIN_DE_CURSO_ELECTRONICA_DIGITAL_2\THREMIN.X\THEREMIN.ASM 645 : Found label after column 1. (Guardado_contexto)
Warning[207] C:\USERS\VALEN\DESKTOP\INGENIERIA\DIGITAL 2\GIT\TP_FINAL\TRABAJO_PRACTICO_DE_FIN_DE_CURSO_ELECTRONICA_DIGITAL_2\THREMIN.X\THEREMIN.ASM 650 : Found label after column 1. (ChequeoBandera)
Warning[207] C:\USERS\VALEN\DESKTOP\INGENIERIA\DIGITAL 2\GIT\TP_FINAL\TRABAJO_PRACTICO_DE_FIN_DE_CURSO_ELECTRONICA_DIGITAL_2\THREMIN.X\THEREMIN.ASM 659 : Found label after column 1. (ONDA_CUADRADA)
Warning[207] C:\USERS\VALEN\DESKTOP\INGENIERIA\DIGITAL 2\GIT\TP_FINAL\TRABAJO_PRACTICO_DE_FIN_DE_CURSO_ELECTRONICA_DIGITAL_2\THREMIN.X\THEREMIN.ASM 671 : Found label after column 1. (rutinapausa)
Warning[207] C:\USERS\VALEN\DESKTOP\INGENIERIA\DIGITAL 2\GIT\TP_FINAL\TRABAJO_PRACTICO_DE_FIN_DE_CURSO_ELECTRONICA_DIGITAL_2\THREMIN.X\THEREMIN.ASM 678 : Found label after column 1. (rutinaUART)
Warning[207] C:\USERS\VALEN\DESKTOP\INGENIERIA\DIGITAL 2\GIT\TP_FINAL\TRABAJO_PRACTICO_DE_FIN_DE_CURSO_ELECTRONICA_DIGITAL_2\THREMIN.X\THEREMIN.ASM 689 : Found label after column 1. (SalidaISR)
Warning[205] C:\USERS\VALEN\DESKTOP\INGENIERIA\DIGITAL 2\GIT\TP_FINAL\TRABAJO_PRACTICO_DE_FIN_DE_CURSO_ELECTRONICA_DIGITAL_2\THREMIN.X\THEREMIN.ASM 696 : Found directive in column 1. (END)
